<?xml version="1.0" encoding="UTF-8"?>
<robot generator="Robot 5.0.1 (Python 3.10.4 on darwin)" generated="20220530 08:37:35.090" rpa="false" schemaversion="3">
<suite id="s1" name="SaucedemoTestes" source="/Users/jessicamartins/Documents/Projetos/Teste/SwagLabs_RobotFramework/tests/SaucedemoTestes.robot">
<kw name="Abrir o navegador" library="ResourcesCommon" type="SETUP">
<kw name="Open Browser" library="SeleniumLibrary">
<arg>browser=chrome</arg>
<doc>Opens a new browser instance to the optional ``url``.</doc>
<msg timestamp="20220530 08:37:35.178" level="INFO">Opening browser 'chrome' to base url 'None'.</msg>
<status status="PASS" starttime="20220530 08:37:35.178" endtime="20220530 08:37:36.540"/>
</kw>
<status status="PASS" starttime="20220530 08:37:35.178" endtime="20220530 08:37:36.540"/>
</kw>
<test id="s1-t1" name="Caso de teste 01 - Realizar login" line="18">
<kw name="Acessar a página do site saucedemo.com" library="Login">
<kw name="Go To" library="SeleniumLibrary">
<arg>url=${LOGIN_URL}</arg>
<doc>Navigates the current browser window to the provided ``url``.</doc>
<msg timestamp="20220530 08:37:36.541" level="INFO">Opening url 'https://www.saucedemo.com'</msg>
<status status="PASS" starttime="20220530 08:37:36.541" endtime="20220530 08:37:37.178"/>
</kw>
<kw name="Element Should Be Visible" library="SeleniumLibrary">
<arg>locator=${INPUT_LOGIN}</arg>
<doc>Verifies that the element identified by ``locator`` is visible.</doc>
<msg timestamp="20220530 08:37:37.196" level="INFO">Element 'id=user-name' is displayed.</msg>
<status status="PASS" starttime="20220530 08:37:37.178" endtime="20220530 08:37:37.197"/>
</kw>
<status status="PASS" starttime="20220530 08:37:36.541" endtime="20220530 08:37:37.197"/>
</kw>
<kw name="Informar o usuário" library="Login">
<arg>standard_user</arg>
<kw name="Input Text" library="SeleniumLibrary">
<arg>${INPUT_LOGIN}</arg>
<arg>${user-name}</arg>
<doc>Types the given ``text`` into the text field identified by ``locator``.</doc>
<msg timestamp="20220530 08:37:37.197" level="INFO">Typing text 'standard_user' into text field 'id=user-name'.</msg>
<status status="PASS" starttime="20220530 08:37:37.197" endtime="20220530 08:37:37.263"/>
</kw>
<status status="PASS" starttime="20220530 08:37:37.197" endtime="20220530 08:37:37.263"/>
</kw>
<kw name="informar a senha" library="Login">
<arg>secret_sauce</arg>
<kw name="Input Password" library="SeleniumLibrary">
<arg>${INPUT_PASSWORD}</arg>
<arg>${password}</arg>
<doc>Types the given password into the text field identified by ``locator``.</doc>
<msg timestamp="20220530 08:37:37.263" level="INFO">Typing password into text field 'id=password'.</msg>
<msg timestamp="20220530 08:37:37.279" level="INFO">Temporally setting log level to: NONE</msg>
<msg timestamp="20220530 08:37:37.302" level="INFO">Log level changed from NONE to INFO.</msg>
<status status="PASS" starttime="20220530 08:37:37.263" endtime="20220530 08:37:37.302"/>
</kw>
<kw name="Sleep" library="BuiltIn">
<arg>2s</arg>
<doc>Pauses the test executed for the given time.</doc>
<msg timestamp="20220530 08:37:39.303" level="INFO">Slept 2 seconds</msg>
<status status="PASS" starttime="20220530 08:37:37.302" endtime="20220530 08:37:39.304"/>
</kw>
<status status="PASS" starttime="20220530 08:37:37.263" endtime="20220530 08:37:39.304"/>
</kw>
<kw name="Submeter as credenciais" library="Login">
<kw name="Click Button" library="SeleniumLibrary">
<arg>${BUTTON_LOGIN}</arg>
<doc>Clicks the button identified by ``locator``.</doc>
<msg timestamp="20220530 08:37:39.305" level="INFO">Clicking button 'id=login-button'.</msg>
<status status="PASS" starttime="20220530 08:37:39.305" endtime="20220530 08:37:39.373"/>
</kw>
<status status="PASS" starttime="20220530 08:37:39.304" endtime="20220530 08:37:39.373"/>
</kw>
<kw name="Página inicial deve estar aberta possui produtos" library="Login">
<kw name="Element Should Be Visible" library="SeleniumLibrary">
<arg>${TITLE_PRODUCT_PAGE}</arg>
<doc>Verifies that the element identified by ``locator`` is visible.</doc>
<msg timestamp="20220530 08:37:39.396" level="INFO">Element '//span[@class="title"]' is displayed.</msg>
<status status="PASS" starttime="20220530 08:37:39.373" endtime="20220530 08:37:39.396"/>
</kw>
<status status="PASS" starttime="20220530 08:37:39.373" endtime="20220530 08:37:39.396"/>
</kw>
<doc>Esse teste verifica o login no site da saucedemo.com</doc>
<tag>login</tag>
<tag>password</tag>
<tag>user_name</tag>
<status status="PASS" starttime="20220530 08:37:36.540" endtime="20220530 08:37:39.396"/>
</test>
<test id="s1-t2" name="Caso de teste 02 - Ordenar os produtos pelo valor (low to high)" line="27">
<kw name="Verificar se a página possui filtro de produtos" library="ProductsPage">
<kw name="Element Should Contain" library="SeleniumLibrary">
<arg>${FILTER_PRODUCT}</arg>
<arg>expected=Name (A to Z)</arg>
<doc>Verifies that element ``locator`` contains text ``expected``.</doc>
<msg timestamp="20220530 08:37:39.409" level="INFO">Element '//select[contains(@class,'container')]' contains text 'Name (A to Z)'.</msg>
<status status="PASS" starttime="20220530 08:37:39.397" endtime="20220530 08:37:39.409"/>
</kw>
<status status="PASS" starttime="20220530 08:37:39.397" endtime="20220530 08:37:39.409"/>
</kw>
<kw name="Clicar no filtro de produtos" library="ProductsPage">
<kw name="Click Element" library="SeleniumLibrary">
<arg>${FILTER_PRODUCT}</arg>
<doc>Click the element identified by ``locator``.</doc>
<msg timestamp="20220530 08:37:39.409" level="INFO">Clicking element '//select[contains(@class,'container')]'.</msg>
<status status="PASS" starttime="20220530 08:37:39.409" endtime="20220530 08:37:39.449"/>
</kw>
<kw name="Sleep" library="BuiltIn">
<arg>2s</arg>
<doc>Pauses the test executed for the given time.</doc>
<msg timestamp="20220530 08:37:41.451" level="INFO">Slept 2 seconds</msg>
<status status="PASS" starttime="20220530 08:37:39.449" endtime="20220530 08:37:41.452"/>
</kw>
<status status="PASS" starttime="20220530 08:37:39.409" endtime="20220530 08:37:41.453"/>
</kw>
<kw name="Selecionar a opção &quot;Price (low to high)&quot;" library="ProductsPage" sourcename="Selecionar a opção ${ORDER_PRODUCT}">
<kw name="Select From List By Index" library="SeleniumLibrary">
<arg>${FILTER_PRODUCT}</arg>
<arg>2</arg>
<doc>Selects options from selection list ``locator`` by ``indexes``.</doc>
<msg timestamp="20220530 08:37:41.455" level="INFO">Selecting options from selection list '//select[contains(@class,'container')]' by index 2.</msg>
<status status="PASS" starttime="20220530 08:37:41.454" endtime="20220530 08:37:41.776"/>
</kw>
<kw name="Sleep" library="BuiltIn">
<arg>2s</arg>
<doc>Pauses the test executed for the given time.</doc>
<msg timestamp="20220530 08:37:43.777" level="INFO">Slept 2 seconds</msg>
<status status="PASS" starttime="20220530 08:37:41.776" endtime="20220530 08:37:43.778"/>
</kw>
<status status="PASS" starttime="20220530 08:37:41.453" endtime="20220530 08:37:43.778"/>
</kw>
<doc>Esse teste verifica a ordenação dos produtos pelo valor (low to high)</doc>
<tag>filto_ordenar</tag>
<tag>filtrar</tag>
<tag>ordenar</tag>
<tag>ordenar_produto</tag>
<status status="PASS" starttime="20220530 08:37:39.396" endtime="20220530 08:37:43.778"/>
</test>
<test id="s1-t3" name="Caso de teste 03 - Adicionar produtos ao carrinho" line="34">
<kw name=" Adicionar o produto &quot;Sauce Labs Onesie&quot; ao carrinho de compras" library="ProductsPage">
<kw name="Click Button" library="SeleniumLibrary">
<arg>id=add-to-cart-sauce-labs-onesie</arg>
<doc>Clicks the button identified by ``locator``.</doc>
<msg timestamp="20220530 08:37:43.779" level="INFO">Clicking button 'id=add-to-cart-sauce-labs-onesie'.</msg>
<status status="PASS" starttime="20220530 08:37:43.779" endtime="20220530 08:37:43.805"/>
</kw>
<status status="PASS" starttime="20220530 08:37:43.778" endtime="20220530 08:37:43.805"/>
</kw>
<kw name="Adicionar o produto &quot;Test.allTheThings() T-Shirt(Red)&quot;" library="ProductsPage">
<kw name="Click Button" library="SeleniumLibrary">
<arg>id=add-to-cart-test.allthethings()-t-shirt-(red)</arg>
<doc>Clicks the button identified by ``locator``.</doc>
<msg timestamp="20220530 08:37:43.806" level="INFO">Clicking button 'id=add-to-cart-test.allthethings()-t-shirt-(red)'.</msg>
<status status="PASS" starttime="20220530 08:37:43.805" endtime="20220530 08:37:43.832"/>
</kw>
<kw name="Sleep" library="BuiltIn">
<arg>2s</arg>
<doc>Pauses the test executed for the given time.</doc>
<msg timestamp="20220530 08:37:45.837" level="INFO">Slept 2 seconds</msg>
<status status="PASS" starttime="20220530 08:37:43.832" endtime="20220530 08:37:45.837"/>
</kw>
<status status="PASS" starttime="20220530 08:37:43.805" endtime="20220530 08:37:45.838"/>
</kw>
<doc>Esse teste verifica a adição dos produtos selecionados no carrinho de compra</doc>
<status status="PASS" starttime="20220530 08:37:43.778" endtime="20220530 08:37:45.838"/>
</test>
<test id="s1-t4" name="Caso de teste 04 - Acessar o carrinho" line="39">
<kw name="clicar no carrinho de compras" library="ShoppingCart">
<kw name="Click Element" library="SeleniumLibrary">
<arg>${SHOPPING_CART}</arg>
<doc>Click the element identified by ``locator``.</doc>
<msg timestamp="20220530 08:37:45.841" level="INFO">Clicking element '//*[@id="shopping_cart_container"]/a'.</msg>
<status status="PASS" starttime="20220530 08:37:45.841" endtime="20220530 08:37:45.885"/>
</kw>
<status status="PASS" starttime="20220530 08:37:45.840" endtime="20220530 08:37:45.885"/>
</kw>
<kw name="Verificar se a página possui &quot;Your Cart&quot;" library="ShoppingCart">
<kw name="Element Should Be Visible" library="SeleniumLibrary">
<arg>//span[@class='title'][contains(.,'Your Cart')]</arg>
<doc>Verifies that the element identified by ``locator`` is visible.</doc>
<msg timestamp="20220530 08:37:45.900" level="INFO">Element '//span[@class='title'][contains(.,'Your Cart')]' is displayed.</msg>
<status status="PASS" starttime="20220530 08:37:45.885" endtime="20220530 08:37:45.901"/>
</kw>
<status status="PASS" starttime="20220530 08:37:45.885" endtime="20220530 08:37:45.901"/>
</kw>
<kw name="Verificar se o produto &quot;Sauce Labs Onesie&quot; está no carrinho de compras" library="ShoppingCart">
<kw name="Element Should Contain" library="SeleniumLibrary">
<arg>locator=//a[contains(.,'Sauce Labs Onesie')]</arg>
<arg>expected=Sauce Labs Onesie</arg>
<doc>Verifies that element ``locator`` contains text ``expected``.</doc>
<msg timestamp="20220530 08:37:45.913" level="INFO">Element '//a[contains(.,'Sauce Labs Onesie')]' contains text 'Sauce Labs Onesie'.</msg>
<status status="PASS" starttime="20220530 08:37:45.901" endtime="20220530 08:37:45.913"/>
</kw>
<status status="PASS" starttime="20220530 08:37:45.901" endtime="20220530 08:37:45.913"/>
</kw>
<kw name="Verificar se o produto &quot;Test.allTheThings() T-Shirt(Red)&quot; está no carrinho de compras" library="ShoppingCart">
<kw name="Element Should Contain" library="SeleniumLibrary">
<arg>locator=//a[contains(.,'Test.allTheThings() T-Shirt (Red)')]</arg>
<arg>expected=Test.allTheThings() T-Shirt (Red)</arg>
<doc>Verifies that element ``locator`` contains text ``expected``.</doc>
<msg timestamp="20220530 08:37:45.925" level="INFO">Element '//a[contains(.,'Test.allTheThings() T-Shirt (Red)')]' contains text 'Test.allTheThings() T-Shirt (Red)'.</msg>
<status status="PASS" starttime="20220530 08:37:45.914" endtime="20220530 08:37:45.925"/>
</kw>
<kw name="Sleep" library="BuiltIn">
<arg>2s</arg>
<doc>Pauses the test executed for the given time.</doc>
<msg timestamp="20220530 08:37:47.927" level="INFO">Slept 2 seconds</msg>
<status status="PASS" starttime="20220530 08:37:45.925" endtime="20220530 08:37:47.928"/>
</kw>
<status status="PASS" starttime="20220530 08:37:45.913" endtime="20220530 08:37:47.928"/>
</kw>
<doc>Esse teste verifica o acesso ao carrinho de compras</doc>
<tag>adicionar_carrinho</tag>
<tag>carrinho de compras</tag>
<status status="PASS" starttime="20220530 08:37:45.839" endtime="20220530 08:37:47.929"/>
</test>
<test id="s1-t5" name="Caso de teste 05 - Concluir a compra" line="47">
<kw name="Clicar no botão CHECKOUT" library="ShoppingCart">
<kw name="Click Button" library="SeleniumLibrary">
<arg>${BUTTON_CHECKOUT}</arg>
<doc>Clicks the button identified by ``locator``.</doc>
<msg timestamp="20220530 08:37:47.933" level="INFO">Clicking button 'id=checkout'.</msg>
<status status="PASS" starttime="20220530 08:37:47.932" endtime="20220530 08:37:47.984"/>
</kw>
<status status="PASS" starttime="20220530 08:37:47.932" endtime="20220530 08:37:47.984"/>
</kw>
<kw name="Verificar se a página possui &quot;CHECKOUT: YOUR INFORMATION&quot;" library="ShoppingCart">
<kw name="Element Should Be Visible" library="SeleniumLibrary">
<arg>//span[@class='title'][contains(.,'Checkout: Your Information')]</arg>
<doc>Verifies that the element identified by ``locator`` is visible.</doc>
<msg timestamp="20220530 08:37:47.999" level="INFO">Element '//span[@class='title'][contains(.,'Checkout: Your Information')]' is displayed.</msg>
<status status="PASS" starttime="20220530 08:37:47.985" endtime="20220530 08:37:48.000"/>
</kw>
<status status="PASS" starttime="20220530 08:37:47.985" endtime="20220530 08:37:48.000"/>
</kw>
<kw name="Informar o &quot;First Name&quot;" library="CheckInformation">
<arg>Hyarion</arg>
<kw name="Input Text" library="SeleniumLibrary">
<arg>${INPUT_FIRST_NAME}</arg>
<arg>${first-name}</arg>
<doc>Types the given ``text`` into the text field identified by ``locator``.</doc>
<msg timestamp="20220530 08:37:48.000" level="INFO">Typing text 'Hyarion' into text field 'id=first-name'.</msg>
<status status="PASS" starttime="20220530 08:37:48.000" endtime="20220530 08:37:48.040"/>
</kw>
<status status="PASS" starttime="20220530 08:37:48.000" endtime="20220530 08:37:48.040"/>
</kw>
<kw name="Informar o &quot;Last Name&quot;" library="CheckInformation">
<arg>Tordek</arg>
<kw name="Input Text" library="SeleniumLibrary">
<arg>${INPUT_LAST_NAME}</arg>
<arg>${last-name}</arg>
<doc>Types the given ``text`` into the text field identified by ``locator``.</doc>
<msg timestamp="20220530 08:37:48.041" level="INFO">Typing text 'Tordek' into text field 'id=last-name'.</msg>
<status status="PASS" starttime="20220530 08:37:48.041" endtime="20220530 08:37:48.075"/>
</kw>
<status status="PASS" starttime="20220530 08:37:48.040" endtime="20220530 08:37:48.075"/>
</kw>
<kw name="Informar o &quot;ZIP/Postal Code&quot;" library="CheckInformation">
<arg>69918-578</arg>
<kw name="Input Text" library="SeleniumLibrary">
<arg>${INPUT_POSTAL_CODE}</arg>
<arg>${postal-code}</arg>
<doc>Types the given ``text`` into the text field identified by ``locator``.</doc>
<msg timestamp="20220530 08:37:48.076" level="INFO">Typing text '69918-578' into text field 'id=postal-code'.</msg>
<status status="PASS" starttime="20220530 08:37:48.075" endtime="20220530 08:37:48.111"/>
</kw>
<kw name="Sleep" library="BuiltIn">
<arg>2s</arg>
<doc>Pauses the test executed for the given time.</doc>
<msg timestamp="20220530 08:37:50.112" level="INFO">Slept 2 seconds</msg>
<status status="PASS" starttime="20220530 08:37:48.111" endtime="20220530 08:37:50.113"/>
</kw>
<status status="PASS" starttime="20220530 08:37:48.075" endtime="20220530 08:37:50.113"/>
</kw>
<kw name="Clicar no botão &quot;CONTINUE&quot;" library="CheckInformation">
<kw name="Click Button" library="SeleniumLibrary">
<arg>${BUTTON_CONTINUE}</arg>
<doc>Clicks the button identified by ``locator``.</doc>
<msg timestamp="20220530 08:37:50.115" level="INFO">Clicking button 'id=continue'.</msg>
<status status="PASS" starttime="20220530 08:37:50.115" endtime="20220530 08:37:50.169"/>
</kw>
<status status="PASS" starttime="20220530 08:37:50.114" endtime="20220530 08:37:50.170"/>
</kw>
<kw name="Verificar se a página possui &quot;CHECKOUT: OVERVIEW&quot;" library="CheckInformation">
<kw name="Element Should Be Visible" library="SeleniumLibrary">
<arg>//span[@class='title']</arg>
<doc>Verifies that the element identified by ``locator`` is visible.</doc>
<msg timestamp="20220530 08:37:50.185" level="INFO">Element '//span[@class='title']' is displayed.</msg>
<status status="PASS" starttime="20220530 08:37:50.170" endtime="20220530 08:37:50.185"/>
</kw>
<status status="PASS" starttime="20220530 08:37:50.170" endtime="20220530 08:37:50.185"/>
</kw>
<kw name="Verificar se o valor total da compra é &quot;$25.90&quot;" library="CheckOverview">
<kw name="Element Should Be Visible" library="SeleniumLibrary">
<arg>//div[@class='summary_total_label'][contains(.,'Total: $25.90')]</arg>
<doc>Verifies that the element identified by ``locator`` is visible.</doc>
<msg timestamp="20220530 08:37:50.196" level="INFO">Element '//div[@class='summary_total_label'][contains(.,'Total: $25.90')]' is displayed.</msg>
<status status="PASS" starttime="20220530 08:37:50.186" endtime="20220530 08:37:50.196"/>
</kw>
<status status="PASS" starttime="20220530 08:37:50.185" endtime="20220530 08:37:50.196"/>
</kw>
<kw name="Clicar no botão &quot;FINISH&quot;" library="CheckOverview">
<kw name="Click Button" library="SeleniumLibrary">
<arg>${BUTTON_FINISH}</arg>
<doc>Clicks the button identified by ``locator``.</doc>
<msg timestamp="20220530 08:37:50.196" level="INFO">Clicking button 'id=finish'.</msg>
<status status="PASS" starttime="20220530 08:37:50.196" endtime="20220530 08:37:50.222"/>
</kw>
<status status="PASS" starttime="20220530 08:37:50.196" endtime="20220530 08:37:50.222"/>
</kw>
<kw name="Verificar se a página possui &quot;THANK YOU FOR YOUR ORDER&quot;" library="CheckOverview">
<kw name="Element Should Be Visible" library="SeleniumLibrary">
<arg>//h2[@class='complete-header'][contains(.,'THANK YOU FOR YOUR ORDER')]</arg>
<doc>Verifies that the element identified by ``locator`` is visible.</doc>
<msg timestamp="20220530 08:37:50.231" level="INFO">Element '//h2[@class='complete-header'][contains(.,'THANK YOU FOR YOUR ORDER')]' is displayed.</msg>
<status status="PASS" starttime="20220530 08:37:50.222" endtime="20220530 08:37:50.231"/>
</kw>
<kw name="Sleep" library="BuiltIn">
<arg>2s</arg>
<doc>Pauses the test executed for the given time.</doc>
<msg timestamp="20220530 08:37:52.233" level="INFO">Slept 2 seconds</msg>
<status status="PASS" starttime="20220530 08:37:50.231" endtime="20220530 08:37:52.234"/>
</kw>
<status status="PASS" starttime="20220530 08:37:50.222" endtime="20220530 08:37:52.234"/>
</kw>
<doc>Esse teste verifica se a compra foi concluida com sucesso</doc>
<tag>concluir_compra</tag>
<status status="PASS" starttime="20220530 08:37:47.930" endtime="20220530 08:37:52.235"/>
</test>
<kw name="Fechar o navegador" library="ResourcesCommon" type="TEARDOWN">
<kw name="Capture Page Screenshot" library="SeleniumLibrary">
<doc>Takes a screenshot of the current page and embeds it into a log file.</doc>
<msg timestamp="20220530 08:37:52.410" level="INFO" html="true">&lt;/td&gt;&lt;/tr&gt;&lt;tr&gt;&lt;td colspan="3"&gt;&lt;a href="selenium-screenshot-64.png"&gt;&lt;img src="selenium-screenshot-64.png" width="800px"&gt;&lt;/a&gt;</msg>
<status status="PASS" starttime="20220530 08:37:52.238" endtime="20220530 08:37:52.410"/>
</kw>
<kw name="Close Browser" library="SeleniumLibrary">
<doc>Closes the current browser.</doc>
<status status="PASS" starttime="20220530 08:37:52.410" endtime="20220530 08:37:52.475"/>
</kw>
<status status="PASS" starttime="20220530 08:37:52.238" endtime="20220530 08:37:52.475"/>
</kw>
<doc>Essa suite testa o site da saucedemo.com</doc>
<status status="PASS" starttime="20220530 08:37:35.091" endtime="20220530 08:37:52.475"/>
</suite>
<statistics>
<total>
<stat pass="5" fail="0" skip="0">All Tests</stat>
</total>
<tag>
<stat pass="1" fail="0" skip="0">adicionar_carrinho</stat>
<stat pass="1" fail="0" skip="0">carrinho de compras</stat>
<stat pass="1" fail="0" skip="0">concluir_compra</stat>
<stat pass="1" fail="0" skip="0">filto_ordenar</stat>
<stat pass="1" fail="0" skip="0">filtrar</stat>
<stat pass="1" fail="0" skip="0">login</stat>
<stat pass="1" fail="0" skip="0">ordenar</stat>
<stat pass="1" fail="0" skip="0">ordenar_produto</stat>
<stat pass="1" fail="0" skip="0">password</stat>
<stat pass="1" fail="0" skip="0">user_name</stat>
</tag>
<suite>
<stat pass="5" fail="0" skip="0" id="s1" name="SaucedemoTestes">SaucedemoTestes</stat>
</suite>
</statistics>
<errors>
</errors>
</robot>
